<?xml version="1.0" encoding="UTF-8"?>
<beans xmlns="http://www.springframework.org/schema/beans"
       xmlns:xsi="http://www.w3.org/2001/XMLSchema-instance" xmlns:tx="http://www.springframework.org/schema/tx"
       xmlns:context="http://www.springframework.org/schema/context"
       xsi:schemaLocation="http://www.springframework.org/schema/beans
	http://www.springframework.org/schema/beans/spring-beans.xsd 
	http://www.springframework.org/schema/tx 
	http://www.springframework.org/schema/tx/spring-tx.xsd
	http://www.springframework.org/schema/context
 	http://www.springframework.org/schema/context/spring-context.xsd">
    <!-- Déclaration des DAO JDBC -->
        
    <!-- la source de donnéees DBCP -->
    <bean id="datasource" class="org.apache.commons.dbcp.BasicDataSource"
              destroy-method="close">
        <property name="driverClassName" value="com.mysql.jdbc.Driver" />
        <property name="url" value="jdbc:mysql://gisnlinuxdev.idyal.local:3306/gesimmo_test" />
        <property name="username" value="gesimmo" />
        <property name="password" value="gesimmo" />
    </bean>



    <bean id="entityManagerFactory"
          class="org.springframework.orm.jpa.LocalContainerEntityManagerFactoryBean">
        <property name="dataSource" ref="datasource" />
        <property name="loadTimeWeaver">
            <bean
                class="org.springframework.instrument.classloading.InstrumentationLoadTimeWeaver" />
        </property>
    </bean>
    <!-- le gestionnaire de transactions -->
    <tx:annotation-driven transaction-manager="txManager" />
    <bean id="txManager" class="org.springframework.orm.jpa.JpaTransactionManager">
        <property name="entityManagerFactory" ref="entityManagerFactory" />
    </bean>

    <!-- traduction des exceptions -->
    <bean
        class="org.springframework.dao.annotation.PersistenceExceptionTranslationPostProcessor" />

    <!-- persistence -->
    <bean
        class="org.springframework.orm.jpa.support.PersistenceAnnotationBeanPostProcessor" />

    <context:component-scan base-package="sn.gandal.gesimmo.impl">
        <context:include-filter type="annotation"
                                        expression="org.springframework.stereotype.Repository" />
    </context:component-scan>

</beans>
