<?xml version="1.0" encoding="UTF-8"?>
<beans xmlns="http://www.springframework.org/schema/beans"
       xmlns:xsi="http://www.w3.org/2001/XMLSchema-instance" 
       xmlns:tx="http://www.springframework.org/schema/tx"
       xmlns:task="http://www.springframework.org/schema/task"
       xmlns:context="http://www.springframework.org/schema/context"
       xsi:schemaLocation="http://www.springframework.org/schema/beans
	http://www.springframework.org/schema/beans/spring-beans.xsd 
	http://www.springframework.org/schema/tx 
	http://www.springframework.org/schema/tx/spring-tx.xsd
	http://www.springframework.org/schema/context
 	http://www.springframework.org/schema/context/spring-context.xsd
        http://www.springframework.org/schema/task 
        http://www.springframework.org/schema/task/spring-task.xsd
">

    
    <bean name="propertyPlaceholder" class="org.springframework.beans.factory.config.PropertyPlaceholderConfigurer">
        <property name="locations">
            <value>gesimmo.properties</value>
        </property>
    </bean>
    <!-- DÃ©claration des DAO JDBC -->

    <bean id="dataSource" class="org.apache.commons.dbcp.BasicDataSource"
              destroy-method="close">
        <property name="driverClassName" value="com.mysql.jdbc.Driver" />
        <!--<property name="url" value="jdbc:mysql://gisnlinuxdev:3306/esecure" />-->
        <property name="url" value="jdbc:mysql://gisnlinuxdev:3306/gesimmo_test" />
        <property name="username" value="gesimmo" />
        <property name="password" value="gesimmo" />
    </bean>

    <bean id="entityManagerFactory"
              class="org.springframework.orm.jpa.LocalContainerEntityManagerFactoryBean">
        <property name="dataSource" ref="dataSource" />
        <property name="loadTimeWeaver">
            <bean
                class="org.springframework.instrument.classloading.InstrumentationLoadTimeWeaver" />
        </property>
    </bean>
	 
    <tx:annotation-driven transaction-manager="txManager" />
    <bean id="txManager" class="org.springframework.orm.jpa.JpaTransactionManager">
        <property name="entityManagerFactory" ref="entityManagerFactory" />
    </bean>

	 
    <bean
        class="org.springframework.dao.annotation.PersistenceExceptionTranslationPostProcessor" />

	  
    <bean
        class="org.springframework.orm.jpa.support.PersistenceAnnotationBeanPostProcessor" />



    <context:component-scan base-package="sn.gandal.gesimmo">
        <context:include-filter type="annotation"
                                        expression="org.springframework.stereotype.Service" />
    </context:component-scan>

    <!-- <jpa:repositories base-package="fr.gesimmo.banking.modele.client.dao"
    /> -->
                
    <!--        <bean id="executeTask" class="ExecuteTask"></bean>-->
    <task:annotation-driven />
    <!--         <task:executor id="myExecutor" pool-size="5" />
    <task:scheduler id="myScheduler" pool-size="10" />-->
</beans>
